<?xml version="1.0" encoding="UTF-8"?>
<testng-results ignored="0" total="1" passed="1" failed="0" skipped="0">
  <reporter-output>
  </reporter-output>
  <suite started-at="2025-01-09T19:54:13 IST" name="Default suite" finished-at="2025-01-09T19:54:19 IST" duration-ms="5902">
    <groups>
    </groups>
    <test started-at="2025-01-09T19:54:13 IST" name="Default test" finished-at="2025-01-09T19:54:19 IST" duration-ms="5902">
      <class name="test.BookingTest">
        <test-method signature="testAPi()[pri:0, instance:test.BookingTest@78691363]" started-at="2025-01-09T19:54:13 IST" name="testAPi" finished-at="2025-01-09T19:54:19 IST" duration-ms="5848" status="PASS">
          <reporter-output>
          </reporter-output>
        </test-method> <!-- testAPi -->
      </class> <!-- test.BookingTest -->
    </test> <!-- Default test -->
  </suite> <!-- Default suite -->
</testng-results>
